blackbox_ert_rtw/blackbox/build/intermediates/manifest_merge_blame_file/debug/manifest-merger-blame-debug-report.txt
1<?xml version="1.0" encoding="utf-8"?>
2<manifest xmlns:android="http://schemas.android.com/apk/res/android"
3    package="com.shreybohra.blackbox"
4    android:versionCode="1"
5    android:versionName="1.0" >
6
7    <uses-sdk
8        android:minSdkVersion="17"
8-->src\main\AndroidManifest.xml
9        android:targetSdkVersion="28" />
9-->src\main\AndroidManifest.xml
10
11    <uses-permission android:name="android.permission.ACCESS_WIFI_STATE" />
11-->src\main\AndroidManifest.xml:16:4-74
11-->src\main\AndroidManifest.xml:16:21-72
12    <uses-permission android:name="android.permission.INTERNET" />
12-->src\main\AndroidManifest.xml:17:1-62
12-->src\main\AndroidManifest.xml:17:18-60
13    <uses-permission android:name="android.permission.ACCESS_FINE_LOCATION" />
13-->src\main\AndroidManifest.xml:18:1-74
13-->src\main\AndroidManifest.xml:18:18-72
14    <uses-permission android:name="android.permission.ACCESS_NETWORK_STATE" />
14-->src\main\AndroidManifest.xml:19:1-74
14-->src\main\AndroidManifest.xml:19:18-72
15
16    <application
16-->src\main\AndroidManifest.xml:6:5-15:19
17        android:appComponentFactory="androidx.core.app.CoreComponentFactory"
17-->[androidx.core:core:1.0.0] AndroidManifest.xml:22:18-86
18        android:debuggable="true"
19        android:icon="@drawable/ic_launcher"
19-->src\main\AndroidManifest.xml:6:18-54
20        android:label="@string/app_name"
20-->src\main\AndroidManifest.xml:6:55-87
21        android:theme="@style/MWAppTheme" >
21-->src\main\AndroidManifest.xml:7:17-50
22        <activity
22-->src\main\AndroidManifest.xml:8:9-14:20
23            android:name="com.shreybohra.blackbox.blackbox"
23-->src\main\AndroidManifest.xml:8:52-75
24            android:configChanges="orientation|screenSize"
24-->src\main\AndroidManifest.xml:9:63-109
25            android:label="@string/app_name"
25-->src\main\AndroidManifest.xml:8:19-51
26            android:theme="@style/MWAppTheme.NoActionBar" >
26-->src\main\AndroidManifest.xml:9:17-62
27            <intent-filter>
27-->src\main\AndroidManifest.xml:10:13-13:29
28                <action android:name="android.intent.action.MAIN" />
28-->src\main\AndroidManifest.xml:11:17-68
28-->src\main\AndroidManifest.xml:11:25-66
29
30                <category android:name="android.intent.category.LAUNCHER" />
30-->src\main\AndroidManifest.xml:12:17-76
30-->src\main\AndroidManifest.xml:12:27-74
31            </intent-filter>
32        </activity>
33    </application>
34
35</manifest>